#
# A fatal error has been detected by the Java Runtime Environment:
#
#  SIGSEGV (0xb) at pc=0x000000010c0542f4, pid=15900, tid=16131
#
# JRE version: OpenJDK Runtime Environment (16.0.2+7) (build 16.0.2+7-67)
# Java VM: OpenJDK 64-Bit Server VM (16.0.2+7-67, mixed mode, tiered, compressed oops, compressed class ptrs, g1 gc, bsd-amd64)
# Problematic frame:
# V  [libjvm.dylib+0x32f4]  AccessInternal::PostRuntimeDispatch<G1BarrierSet::AccessBarrier<548964ull, G1BarrierSet>, (AccessInternal::BarrierType)2, 548964ull>::oop_access_barrier(void*)+0x4
#
# No core dump will be written. Core dumps have been disabled. To enable core dumping, try "ulimit -c unlimited" before starting Java again
#
# If you would like to submit a bug report, please visit:
#   https://bugreport.java.com/bugreport/crash.jsp
#

---------------  S U M M A R Y ------------

Command Line: -Dfile.encoding=UTF-8 -XX:+ShowCodeDetailsInExceptionMessages oracle.jdbc.driver.JavaToJavaConverter$178

Host: MacBookPro17,1 x86_64 2400 MHz, 8 cores, 16G, Darwin 22.5.0, macOS 10.16 (22F82)
Time: Mon Sep  4 14:31:36 2023 KST elapsed time: 0.196175 seconds (0d 0h 0m 0s)

---------------  T H R E A D  ---------------

Current thread (0x00007fa690008a00):  JavaThread "main" [_thread_in_vm, id=16131, stack(0x00000003098eb000,0x00000003099eb000)]

Stack: [0x00000003098eb000,0x00000003099eb000],  sp=0x00000003099eadf0,  free space=1023k
Native frames: (J=compiled Java code, A=aot compiled Java code, j=interpreted, Vv=VM code, C=native code)
V  [libjvm.dylib+0x32f4]  AccessInternal::PostRuntimeDispatch<G1BarrierSet::AccessBarrier<548964ull, G1BarrierSet>, (AccessInternal::BarrierType)2, 548964ull>::oop_access_barrier(void*)+0x4
V  [libjvm.dylib+0x577201]  jni_GetStringUTFChars+0xd1
C  [libjli.dylib+0x78a6]  PostJVMInit+0xa6
C  [libjli.dylib+0x4e3a]  JavaMain+0xb9a
C  [libjli.dylib+0x7519]  ThreadJavaMain+0x9
C  [libsystem_pthread.dylib+0x61d3]  _pthread_start+0x7d
C  [libsystem_pthread.dylib+0x1bd3]  thread_start+0xf


siginfo: si_signo: 11 (SIGSEGV), si_code: 1 (SEGV_MAPERR), si_addr: 0x0000000000000000

Register to memory mapping:

RAX=0x000000010ccb33fe: _ZTV10JavaThread+0xa6 in /Applications/SpringToolSuite4.app/Contents/Eclipse/plugins/org.eclipse.justj.openjdk.hotspot.jre.full.macosx.x86_64_16.0.2.v20210721-1149/jre/lib/server/libjvm.dylib at 0x000000010c051000
RBX=0x00007fa690008d10 points into unknown readable memory: 0x000000010ccc1e58 | 58 1e cc 0c 01 00 00 00
RCX=0x000000010ccc1e58: jni_NativeInterface+0 in /Applications/SpringToolSuite4.app/Contents/Eclipse/plugins/org.eclipse.justj.openjdk.hotspot.jre.full.macosx.x86_64_16.0.2.v20210721-1149/jre/lib/server/libjvm.dylib at 0x000000010c051000
RDX=0x0 is NULL
RSP=0x00000003099eadf0 is pointing into the stack for thread: 0x00007fa690008a00
RBP=0x00000003099eadf0 is pointing into the stack for thread: 0x00007fa690008a00
RSI=0x0 is NULL
RDI=0x0 is NULL
R8 =0x0 is NULL
R9 =0x0 is NULL
R10=0x000000010cd1f3b0: _ZN19TemplateInterpreter13_active_tableE+0x4800 in /Applications/SpringToolSuite4.app/Contents/Eclipse/plugins/org.eclipse.justj.openjdk.hotspot.jre.full.macosx.x86_64_16.0.2.v20210721-1149/jre/lib/server/libjvm.dylib at 0x000000010c051000
R11=0x000000012c00c400 is pointing into metadata
R12=0x00007fa690008a00 is a thread
R13=0x0 is NULL
R14=0x0 is NULL
R15=0x0 is NULL


Registers:
RAX=0x000000010ccb33fe, RBX=0x00007fa690008d10, RCX=0x000000010ccc1e58, RDX=0x0000000000000000
RSP=0x00000003099eadf0, RBP=0x00000003099eadf0, RSI=0x0000000000000000, RDI=0x0000000000000000
R8 =0x0000000000000000, R9 =0x0000000000000000, R10=0x000000010cd1f3b0, R11=0x000000012c00c400
R12=0x00007fa690008a00, R13=0x0000000000000000, R14=0x0000000000000000, R15=0x0000000000000000
RIP=0x000000010c0542f4, EFLAGS=0x0000000000000246, ERR=0x0000000000000004
  TRAPNO=0x000000000000000e

Top of Stack: (sp=0x00000003099eadf0)
0x00000003099eadf0:   00000003099eae80 000000010c5c8201
0x00000003099eae00:   00007fa690008a00 0000000000000000
0x00000003099eae10:   000000010af6bb76 00007fa690008a00
0x00000003099eae20:   65b4467c9fbe007e 00007fa690008a00
0x00000003099eae30:   0000000000000000 0000000000000000
0x00000003099eae40:   00007fa690008d10 00007fa690008a00
0x00000003099eae50:   00000003099eae80 00007fa690008d10
0x00000003099eae60:   00007fa686a04940 0000000000000000
0x00000003099eae70:   0000000000000000 00007fa690008d10
0x00000003099eae80:   00000003099eaf10 000000010af678a6
0x00000003099eae90:   00007fa690008d10 00007fa690008a00
0x00000003099eaea0:   00000003099eaed0 000000010c5b4a98
0x00000003099eaeb0:   65b4467c9fbe007e 00007fa686a04958
0x00000003099eaec0:   00007fa686a04940 0000000000000000
0x00000003099eaed0:   00007fa690008d10 00007fa690008a00
0x00000003099eaee0:   00000003099eaf10 65b4467c9fbe007e
0x00000003099eaef0:   00007fa686a04958 00007fa686a04940
0x00000003099eaf00:   00007fa686a04948 00007fa690008d10
0x00000003099eaf10:   00000003099eafa0 000000010af64e3a
0x00000003099eaf20:   00007ff80dadebc4 0000000000000000
0x00000003099eaf30:   0000000500010002 0000600003df4680
0x00000003099eaf40:   0000000000000000 0000000000003f03
0x00000003099eaf50:   0000000000000001 0000600001df1380
0x00000003099eaf60:   00006000006f0bb0 00007fa690008d10
0x00000003099eaf70:   000000010ccc1e50 00000003099eb000
0x00000003099eaf80:   0000000000000000 0000000000000000
0x00000003099eaf90:   0000000000000000 0000000000000000
0x00000003099eafa0:   00000003099eafb0 000000010af67519
0x00000003099eafb0:   00000003099eafd0 00007ff80dae31d3
0x00000003099eafc0:   0000000000000000 0000000000000000
0x00000003099eafd0:   00000003099eaff0 00007ff80dadebd3
0x00000003099eafe0:   0000000000000000 00007ff7ffda9818 

Instructions: (pc=0x000000010c0542f4)
0x000000010c0541f4:   ff 0b 73 0e 48 63 c7 48 8d 0d fa c4 b6 00 8b 04
0x000000010c054204:   81 c3 55 48 89 e5 48 8d 3d d5 b4 ae 00 be 9c 00
0x000000010c054214:   00 00 e8 15 c9 34 00 e8 70 e9 88 00 31 c0 5d c3
0x000000010c054224:   66 2e 0f 1f 84 00 00 00 00 00 66 90 55 48 89 e5
0x000000010c054234:   48 8b 47 08 0f b7 48 32 0f b7 40 30 8d 44 01 19
0x000000010c054244:   5d c3 66 2e 0f 1f 84 00 00 00 00 00 55 48 89 e5
0x000000010c054254:   53 50 48 89 fb 48 8d 0d c8 a9 ca 00 48 8d 05 79
0x000000010c054264:   dd c9 00 48 8b 00 8b 40 10 ff c8 80 39 00 74 10
0x000000010c054274:   83 f8 04 73 1f 48 98 48 8d 0d 8e f0 ba 00 eb 0e
0x000000010c054284:   83 f8 04 73 0f 48 98 48 8d 0d 9e f0 ba 00 48 8b
0x000000010c054294:   04 c1 eb 21 48 8d 3d 7e b4 ae 00 48 8d 15 a7 b4
0x000000010c0542a4:   ae 00 be e8 00 00 00 31 c0 e8 7e c6 34 00 e8 d9
0x000000010c0542b4:   e8 88 00 31 c0 48 89 05 30 8f c6 00 48 89 df 48
0x000000010c0542c4:   83 c4 08 5b 5d ff e0 0f 1f 44 00 00 55 48 89 e5
0x000000010c0542d4:   48 8b 07 5d c3 0f 1f 80 00 00 00 00 55 48 89 e5
0x000000010c0542e4:   48 8b 07 5d c3 0f 1f 80 00 00 00 00 55 48 89 e5
0x000000010c0542f4:   48 8b 07 5d c3 0f 1f 80 00 00 00 00 55 48 89 e5
0x000000010c054304:   41 57 41 56 53 50 48 8b 1f 4c 8d 3d 34 ac cd 00
0x000000010c054314:   49 85 1f 74 47 49 89 fe 48 89 df e8 dc 32 ab 00
0x000000010c054324:   48 89 c1 48 85 c0 74 31 48 89 d8 f0 49 0f b1 0e
0x000000010c054334:   48 39 d8 74 24 48 89 c2 0f 1f 40 00 49 85 17 74
0x000000010c054344:   03 48 89 d3 74 13 48 89 d8 f0 49 0f b1 0e 48 39
0x000000010c054354:   d8 48 89 d3 48 89 c2 75 e3 48 89 cb 48 89 d8 48
0x000000010c054364:   83 c4 08 5b 41 5e 41 5f 5d c3 66 90 55 48 89 e5
0x000000010c054374:   48 8b 07 5d c3 0f 1f 80 00 00 00 00 55 48 89 e5
0x000000010c054384:   48 8b 07 5d c3 0f 1f 80 00 00 00 00 55 48 89 e5
0x000000010c054394:   48 8b 07 5d c3 0f 1f 80 00 00 00 00 55 48 89 e5
0x000000010c0543a4:   41 57 41 56 53 50 48 8b 1f 4c 8d 3d 94 ab cd 00
0x000000010c0543b4:   49 85 1f 74 47 49 89 fe 48 89 df e8 3c 32 ab 00
0x000000010c0543c4:   48 89 c1 48 85 c0 74 31 48 89 d8 f0 49 0f b1 0e
0x000000010c0543d4:   48 39 d8 74 24 48 89 c2 0f 1f 40 00 49 85 17 74
0x000000010c0543e4:   03 48 89 d3 74 13 48 89 d8 f0 49 0f b1 0e 48 39 


Stack slot to memory mapping:
stack at sp + 0 slots: 0x00000003099eae80 is pointing into the stack for thread: 0x00007fa690008a00
stack at sp + 1 slots: 0x000000010c5c8201: jni_GetStringUTFChars+0xd1 in /Applications/SpringToolSuite4.app/Contents/Eclipse/plugins/org.eclipse.justj.openjdk.hotspot.jre.full.macosx.x86_64_16.0.2.v20210721-1149/jre/lib/server/libjvm.dylib at 0x000000010c051000
stack at sp + 2 slots: 0x00007fa690008a00 is a thread
stack at sp + 3 slots: 0x0 is NULL
stack at sp + 4 slots: 0x000000010af6bb76: <offset 0xbb76> in /Applications/SpringToolSuite4.app/Contents/Eclipse/plugins/org.eclipse.justj.openjdk.hotspot.jre.full.macosx.x86_64_16.0.2.v20210721-1149/jre/lib/libjli.dylib at 0x000000010af60000
stack at sp + 5 slots: 0x00007fa690008a00 is a thread
stack at sp + 6 slots: 0x65b4467c9fbe007e is an unknown value
stack at sp + 7 slots: 0x00007fa690008a00 is a thread


---------------  P R O C E S S  ---------------

Threads class SMR info:
_java_thread_list=0x00006000013e5420, length=11, elements={
0x00007fa690008a00, 0x00007fa690025c00, 0x00007fa690026200, 0x00007fa690032800,
0x00007fa6870e0200, 0x00007fa6870e2c00, 0x00007fa6870e3200, 0x00007fa686009200,
0x00007fa68600c000, 0x00007fa6870d3400, 0x00007fa68781aa00
}

Java Threads: ( => current thread )
=>0x00007fa690008a00 JavaThread "main" [_thread_in_vm, id=16131, stack(0x00000003098eb000,0x00000003099eb000)]
  0x00007fa690025c00 JavaThread "Reference Handler" daemon [_thread_blocked, id=22343, stack(0x000000030a000000,0x000000030a100000)]
  0x00007fa690026200 JavaThread "Finalizer" daemon [_thread_blocked, id=32003, stack(0x000000030a103000,0x000000030a203000)]
  0x00007fa690032800 JavaThread "Signal Dispatcher" daemon [_thread_blocked, id=29955, stack(0x000000030a317000,0x000000030a417000)]
  0x00007fa6870e0200 JavaThread "Service Thread" daemon [_thread_blocked, id=24835, stack(0x000000030a41a000,0x000000030a51a000)]
  0x00007fa6870e2c00 JavaThread "Monitor Deflation Thread" daemon [_thread_blocked, id=25347, stack(0x000000030a51d000,0x000000030a61d000)]
  0x00007fa6870e3200 JavaThread "C2 CompilerThread0" daemon [_thread_blocked, id=29187, stack(0x000000030a620000,0x000000030a720000)]
  0x00007fa686009200 JavaThread "C1 CompilerThread0" daemon [_thread_blocked, id=25603, stack(0x000000030a723000,0x000000030a823000)]
  0x00007fa68600c000 JavaThread "Sweeper thread" daemon [_thread_blocked, id=26115, stack(0x000000030a826000,0x000000030a926000)]
  0x00007fa6870d3400 JavaThread "Notification Thread" daemon [_thread_blocked, id=28599, stack(0x000000030a929000,0x000000030aa29000)]
  0x00007fa68781aa00 JavaThread "Common-Cleaner" daemon [_thread_blocked, id=27427, stack(0x000000030ab2f000,0x000000030ac2f000)]

Other Threads:
  0x00007fa686a082e0 VMThread "VM Thread" [stack: 0x0000000309efd000,0x0000000309ffd000] [id=19203]
  0x00007fa686818fd0 WatcherThread [stack: 0x000000030aa2c000,0x000000030ab2c000] [id=27907]
  0x00007fa686806d00 GCTaskThread "GC Thread#0" [stack: 0x00000003099ee000,0x0000000309aee000] [id=16899]
  0x00007fa686904530 ConcurrentGCThread "G1 Main Marker" [stack: 0x0000000309af1000,0x0000000309bf1000] [id=21251]
  0x00007fa686904e10 ConcurrentGCThread "G1 Conc#0" [stack: 0x0000000309bf4000,0x0000000309cf4000] [id=20995]
  0x00007fa6868121d0 ConcurrentGCThread "G1 Refine#0" [stack: 0x0000000309cf7000,0x0000000309df7000] [id=20227]
  0x00007fa686a05550 ConcurrentGCThread "G1 Service" [stack: 0x0000000309dfa000,0x0000000309efa000] [id=18179]

Threads with active compile tasks:

VM state: not at safepoint (normal execution)

VM Mutex/Monitor currently owned by a thread: None

Heap address: 0x0000000700000000, size: 4096 MB, Compressed Oops mode: Zero based, Oop shift amount: 3

CDS disabled.
Compressed class space mapped at: 0x0000000800000000-0x0000000840000000, reserved size: 1073741824
Narrow klass base: 0x0000000800000000, Narrow klass shift: 0, Narrow klass range: 0x40000000

GC Precious Log:
 CPUs: 8 total, 8 available
 Memory: 16384M
 Large Page Support: Disabled
 NUMA Support: Disabled
 Compressed Oops: Enabled (Zero based)
 Heap Region Size: 2M
 Heap Min Capacity: 8M
 Heap Initial Capacity: 256M
 Heap Max Capacity: 4G
 Pre-touch: Disabled
 Parallel Workers: 8
 Concurrent Workers: 2
 Concurrent Refinement Workers: 8
 Periodic GC: Disabled

Heap:
 garbage-first heap   total 262144K, used 2048K [0x0000000700000000, 0x0000000800000000)
  region size 2048K, 3 young (6144K), 0 survivors (0K)
 Metaspace       used 5993K, committed 6080K, reserved 1056768K
  class space    used 478K, committed 512K, reserved 1048576K

Heap Regions: E=young(eden), S=young(survivor), O=old, HS=humongous(starts), HC=humongous(continues), CS=collection set, F=free, OA=open archive, CA=closed archive, TAMS=top-at-mark-start (previous, next)
|   0|0x0000000700000000, 0x0000000700000000, 0x0000000700200000|  0%| F|  |TAMS 0x0000000700000000, 0x0000000700000000| Untracked 
|   1|0x0000000700200000, 0x0000000700200000, 0x0000000700400000|  0%| F|  |TAMS 0x0000000700200000, 0x0000000700200000| Untracked 
|   2|0x0000000700400000, 0x0000000700400000, 0x0000000700600000|  0%| F|  |TAMS 0x0000000700400000, 0x0000000700400000| Untracked 
|   3|0x0000000700600000, 0x0000000700600000, 0x0000000700800000|  0%| F|  |TAMS 0x0000000700600000, 0x0000000700600000| Untracked 
|   4|0x0000000700800000, 0x0000000700800000, 0x0000000700a00000|  0%| F|  |TAMS 0x0000000700800000, 0x0000000700800000| Untracked 
|   5|0x0000000700a00000, 0x0000000700a00000, 0x0000000700c00000|  0%| F|  |TAMS 0x0000000700a00000, 0x0000000700a00000| Untracked 
|   6|0x0000000700c00000, 0x0000000700c00000, 0x0000000700e00000|  0%| F|  |TAMS 0x0000000700c00000, 0x0000000700c00000| Untracked 
|   7|0x0000000700e00000, 0x0000000700e00000, 0x0000000701000000|  0%| F|  |TAMS 0x0000000700e00000, 0x0000000700e00000| Untracked 
|   8|0x0000000701000000, 0x0000000701000000, 0x0000000701200000|  0%| F|  |TAMS 0x0000000701000000, 0x0000000701000000| Untracked 
|   9|0x0000000701200000, 0x0000000701200000, 0x0000000701400000|  0%| F|  |TAMS 0x0000000701200000, 0x0000000701200000| Untracked 
|  10|0x0000000701400000, 0x0000000701400000, 0x0000000701600000|  0%| F|  |TAMS 0x0000000701400000, 0x0000000701400000| Untracked 
|  11|0x0000000701600000, 0x0000000701600000, 0x0000000701800000|  0%| F|  |TAMS 0x0000000701600000, 0x0000000701600000| Untracked 
|  12|0x0000000701800000, 0x0000000701800000, 0x0000000701a00000|  0%| F|  |TAMS 0x0000000701800000, 0x0000000701800000| Untracked 
|  13|0x0000000701a00000, 0x0000000701a00000, 0x0000000701c00000|  0%| F|  |TAMS 0x0000000701a00000, 0x0000000701a00000| Untracked 
|  14|0x0000000701c00000, 0x0000000701c00000, 0x0000000701e00000|  0%| F|  |TAMS 0x0000000701c00000, 0x0000000701c00000| Untracked 
|  15|0x0000000701e00000, 0x0000000701e00000, 0x0000000702000000|  0%| F|  |TAMS 0x0000000701e00000, 0x0000000701e00000| Untracked 
|  16|0x0000000702000000, 0x0000000702000000, 0x0000000702200000|  0%| F|  |TAMS 0x0000000702000000, 0x0000000702000000| Untracked 
|  17|0x0000000702200000, 0x0000000702200000, 0x0000000702400000|  0%| F|  |TAMS 0x0000000702200000, 0x0000000702200000| Untracked 
|  18|0x0000000702400000, 0x0000000702400000, 0x0000000702600000|  0%| F|  |TAMS 0x0000000702400000, 0x0000000702400000| Untracked 
|  19|0x0000000702600000, 0x0000000702600000, 0x0000000702800000|  0%| F|  |TAMS 0x0000000702600000, 0x0000000702600000| Untracked 
|  20|0x0000000702800000, 0x0000000702800000, 0x0000000702a00000|  0%| F|  |TAMS 0x0000000702800000, 0x0000000702800000| Untracked 
|  21|0x0000000702a00000, 0x0000000702a00000, 0x0000000702c00000|  0%| F|  |TAMS 0x0000000702a00000, 0x0000000702a00000| Untracked 
|  22|0x0000000702c00000, 0x0000000702c00000, 0x0000000702e00000|  0%| F|  |TAMS 0x0000000702c00000, 0x0000000702c00000| Untracked 
|  23|0x0000000702e00000, 0x0000000702e00000, 0x0000000703000000|  0%| F|  |TAMS 0x0000000702e00000, 0x0000000702e00000| Untracked 
|  24|0x0000000703000000, 0x0000000703000000, 0x0000000703200000|  0%| F|  |TAMS 0x0000000703000000, 0x0000000703000000| Untracked 
|  25|0x0000000703200000, 0x0000000703200000, 0x0000000703400000|  0%| F|  |TAMS 0x0000000703200000, 0x0000000703200000| Untracked 
|  26|0x0000000703400000, 0x0000000703400000, 0x0000000703600000|  0%| F|  |TAMS 0x0000000703400000, 0x0000000703400000| Untracked 
|  27|0x0000000703600000, 0x0000000703600000, 0x0000000703800000|  0%| F|  |TAMS 0x0000000703600000, 0x0000000703600000| Untracked 
|  28|0x0000000703800000, 0x0000000703800000, 0x0000000703a00000|  0%| F|  |TAMS 0x0000000703800000, 0x0000000703800000| Untracked 
|  29|0x0000000703a00000, 0x0000000703a00000, 0x0000000703c00000|  0%| F|  |TAMS 0x0000000703a00000, 0x0000000703a00000| Untracked 
|  30|0x0000000703c00000, 0x0000000703c00000, 0x0000000703e00000|  0%| F|  |TAMS 0x0000000703c00000, 0x0000000703c00000| Untracked 
|  31|0x0000000703e00000, 0x0000000703e00000, 0x0000000704000000|  0%| F|  |TAMS 0x0000000703e00000, 0x0000000703e00000| Untracked 
|  32|0x0000000704000000, 0x0000000704000000, 0x0000000704200000|  0%| F|  |TAMS 0x0000000704000000, 0x0000000704000000| Untracked 
|  33|0x0000000704200000, 0x0000000704200000, 0x0000000704400000|  0%| F|  |TAMS 0x0000000704200000, 0x0000000704200000| Untracked 
|  34|0x0000000704400000, 0x0000000704400000, 0x0000000704600000|  0%| F|  |TAMS 0x0000000704400000, 0x0000000704400000| Untracked 
|  35|0x0000000704600000, 0x0000000704600000, 0x0000000704800000|  0%| F|  |TAMS 0x0000000704600000, 0x0000000704600000| Untracked 
|  36|0x0000000704800000, 0x0000000704800000, 0x0000000704a00000|  0%| F|  |TAMS 0x0000000704800000, 0x0000000704800000| Untracked 
|  37|0x0000000704a00000, 0x0000000704a00000, 0x0000000704c00000|  0%| F|  |TAMS 0x0000000704a00000, 0x0000000704a00000| Untracked 
|  38|0x0000000704c00000, 0x0000000704c00000, 0x0000000704e00000|  0%| F|  |TAMS 0x0000000704c00000, 0x0000000704c00000| Untracked 
|  39|0x0000000704e00000, 0x0000000704e00000, 0x0000000705000000|  0%| F|  |TAMS 0x0000000704e00000, 0x0000000704e00000| Untracked 
|  40|0x0000000705000000, 0x0000000705000000, 0x0000000705200000|  0%| F|  |TAMS 0x0000000705000000, 0x0000000705000000| Untracked 
|  41|0x0000000705200000, 0x0000000705200000, 0x0000000705400000|  0%| F|  |TAMS 0x0000000705200000, 0x0000000705200000| Untracked 
|  42|0x0000000705400000, 0x0000000705400000, 0x0000000705600000|  0%| F|  |TAMS 0x0000000705400000, 0x0000000705400000| Untracked 
|  43|0x0000000705600000, 0x0000000705600000, 0x0000000705800000|  0%| F|  |TAMS 0x0000000705600000, 0x0000000705600000| Untracked 
|  44|0x0000000705800000, 0x0000000705800000, 0x0000000705a00000|  0%| F|  |TAMS 0x0000000705800000, 0x0000000705800000| Untracked 
|  45|0x0000000705a00000, 0x0000000705a00000, 0x0000000705c00000|  0%| F|  |TAMS 0x0000000705a00000, 0x0000000705a00000| Untracked 
|  46|0x0000000705c00000, 0x0000000705c00000, 0x0000000705e00000|  0%| F|  |TAMS 0x0000000705c00000, 0x0000000705c00000| Untracked 
|  47|0x0000000705e00000, 0x0000000705e00000, 0x0000000706000000|  0%| F|  |TAMS 0x0000000705e00000, 0x0000000705e00000| Untracked 
|  48|0x0000000706000000, 0x0000000706000000, 0x0000000706200000|  0%| F|  |TAMS 0x0000000706000000, 0x0000000706000000| Untracked 
|  49|0x0000000706200000, 0x0000000706200000, 0x0000000706400000|  0%| F|  |TAMS 0x0000000706200000, 0x0000000706200000| Untracked 
|  50|0x0000000706400000, 0x0000000706400000, 0x0000000706600000|  0%| F|  |TAMS 0x0000000706400000, 0x0000000706400000| Untracked 
|  51|0x0000000706600000, 0x0000000706600000, 0x0000000706800000|  0%| F|  |TAMS 0x0000000706600000, 0x0000000706600000| Untracked 
|  52|0x0000000706800000, 0x0000000706800000, 0x0000000706a00000|  0%| F|  |TAMS 0x0000000706800000, 0x0000000706800000| Untracked 
|  53|0x0000000706a00000, 0x0000000706a00000, 0x0000000706c00000|  0%| F|  |TAMS 0x0000000706a00000, 0x0000000706a00000| Untracked 
|  54|0x0000000706c00000, 0x0000000706c00000, 0x0000000706e00000|  0%| F|  |TAMS 0x0000000706c00000, 0x0000000706c00000| Untracked 
|  55|0x0000000706e00000, 0x0000000706e00000, 0x0000000707000000|  0%| F|  |TAMS 0x0000000706e00000, 0x0000000706e00000| Untracked 
|  56|0x0000000707000000, 0x0000000707000000, 0x0000000707200000|  0%| F|  |TAMS 0x0000000707000000, 0x0000000707000000| Untracked 
|  57|0x0000000707200000, 0x0000000707200000, 0x0000000707400000|  0%| F|  |TAMS 0x0000000707200000, 0x0000000707200000| Untracked 
|  58|0x0000000707400000, 0x0000000707400000, 0x0000000707600000|  0%| F|  |TAMS 0x0000000707400000, 0x0000000707400000| Untracked 
|  59|0x0000000707600000, 0x0000000707600000, 0x0000000707800000|  0%| F|  |TAMS 0x0000000707600000, 0x0000000707600000| Untracked 
|  60|0x0000000707800000, 0x0000000707800000, 0x0000000707a00000|  0%| F|  |TAMS 0x0000000707800000, 0x0000000707800000| Untracked 
|  61|0x0000000707a00000, 0x0000000707a00000, 0x0000000707c00000|  0%| F|  |TAMS 0x0000000707a00000, 0x0000000707a00000| Untracked 
|  62|0x0000000707c00000, 0x0000000707c00000, 0x0000000707e00000|  0%| F|  |TAMS 0x0000000707c00000, 0x0000000707c00000| Untracked 
|  63|0x0000000707e00000, 0x0000000707e00000, 0x0000000708000000|  0%| F|  |TAMS 0x0000000707e00000, 0x0000000707e00000| Untracked 
|  64|0x0000000708000000, 0x0000000708000000, 0x0000000708200000|  0%| F|  |TAMS 0x0000000708000000, 0x0000000708000000| Untracked 
|  65|0x0000000708200000, 0x0000000708200000, 0x0000000708400000|  0%| F|  |TAMS 0x0000000708200000, 0x0000000708200000| Untracked 
|  66|0x0000000708400000, 0x0000000708400000, 0x0000000708600000|  0%| F|  |TAMS 0x0000000708400000, 0x0000000708400000| Untracked 
|  67|0x0000000708600000, 0x0000000708600000, 0x0000000708800000|  0%| F|  |TAMS 0x0000000708600000, 0x0000000708600000| Untracked 
|  68|0x0000000708800000, 0x0000000708800000, 0x0000000708a00000|  0%| F|  |TAMS 0x0000000708800000, 0x0000000708800000| Untracked 
|  69|0x0000000708a00000, 0x0000000708a00000, 0x0000000708c00000|  0%| F|  |TAMS 0x0000000708a00000, 0x0000000708a00000| Untracked 
|  70|0x0000000708c00000, 0x0000000708c00000, 0x0000000708e00000|  0%| F|  |TAMS 0x0000000708c00000, 0x0000000708c00000| Untracked 
|  71|0x0000000708e00000, 0x0000000708e00000, 0x0000000709000000|  0%| F|  |TAMS 0x0000000708e00000, 0x0000000708e00000| Untracked 
|  72|0x0000000709000000, 0x0000000709000000, 0x0000000709200000|  0%| F|  |TAMS 0x0000000709000000, 0x0000000709000000| Untracked 
|  73|0x0000000709200000, 0x0000000709200000, 0x0000000709400000|  0%| F|  |TAMS 0x0000000709200000, 0x0000000709200000| Untracked 
|  74|0x0000000709400000, 0x0000000709400000, 0x0000000709600000|  0%| F|  |TAMS 0x0000000709400000, 0x0000000709400000| Untracked 
|  75|0x0000000709600000, 0x0000000709600000, 0x0000000709800000|  0%| F|  |TAMS 0x0000000709600000, 0x0000000709600000| Untracked 
|  76|0x0000000709800000, 0x0000000709800000, 0x0000000709a00000|  0%| F|  |TAMS 0x0000000709800000, 0x0000000709800000| Untracked 
|  77|0x0000000709a00000, 0x0000000709a00000, 0x0000000709c00000|  0%| F|  |TAMS 0x0000000709a00000, 0x0000000709a00000| Untracked 
|  78|0x0000000709c00000, 0x0000000709c00000, 0x0000000709e00000|  0%| F|  |TAMS 0x0000000709c00000, 0x0000000709c00000| Untracked 
|  79|0x0000000709e00000, 0x0000000709e00000, 0x000000070a000000|  0%| F|  |TAMS 0x0000000709e00000, 0x0000000709e00000| Untracked 
|  80|0x000000070a000000, 0x000000070a000000, 0x000000070a200000|  0%| F|  |TAMS 0x000000070a000000, 0x000000070a000000| Untracked 
|  81|0x000000070a200000, 0x000000070a200000, 0x000000070a400000|  0%| F|  |TAMS 0x000000070a200000, 0x000000070a200000| Untracked 
|  82|0x000000070a400000, 0x000000070a400000, 0x000000070a600000|  0%| F|  |TAMS 0x000000070a400000, 0x000000070a400000| Untracked 
|  83|0x000000070a600000, 0x000000070a600000, 0x000000070a800000|  0%| F|  |TAMS 0x000000070a600000, 0x000000070a600000| Untracked 
|  84|0x000000070a800000, 0x000000070a800000, 0x000000070aa00000|  0%| F|  |TAMS 0x000000070a800000, 0x000000070a800000| Untracked 
|  85|0x000000070aa00000, 0x000000070aa00000, 0x000000070ac00000|  0%| F|  |TAMS 0x000000070aa00000, 0x000000070aa00000| Untracked 
|  86|0x000000070ac00000, 0x000000070ac00000, 0x000000070ae00000|  0%| F|  |TAMS 0x000000070ac00000, 0x000000070ac00000| Untracked 
|  87|0x000000070ae00000, 0x000000070ae00000, 0x000000070b000000|  0%| F|  |TAMS 0x000000070ae00000, 0x000000070ae00000| Untracked 
|  88|0x000000070b000000, 0x000000070b000000, 0x000000070b200000|  0%| F|  |TAMS 0x000000070b000000, 0x000000070b000000| Untracked 
|  89|0x000000070b200000, 0x000000070b200000, 0x000000070b400000|  0%| F|  |TAMS 0x000000070b200000, 0x000000070b200000| Untracked 
|  90|0x000000070b400000, 0x000000070b400000, 0x000000070b600000|  0%| F|  |TAMS 0x000000070b400000, 0x000000070b400000| Untracked 
|  91|0x000000070b600000, 0x000000070b600000, 0x000000070b800000|  0%| F|  |TAMS 0x000000070b600000, 0x000000070b600000| Untracked 
|  92|0x000000070b800000, 0x000000070b800000, 0x000000070ba00000|  0%| F|  |TAMS 0x000000070b800000, 0x000000070b800000| Untracked 
|  93|0x000000070ba00000, 0x000000070ba00000, 0x000000070bc00000|  0%| F|  |TAMS 0x000000070ba00000, 0x000000070ba00000| Untracked 
|  94|0x000000070bc00000, 0x000000070bc00000, 0x000000070be00000|  0%| F|  |TAMS 0x000000070bc00000, 0x000000070bc00000| Untracked 
|  95|0x000000070be00000, 0x000000070be00000, 0x000000070c000000|  0%| F|  |TAMS 0x000000070be00000, 0x000000070be00000| Untracked 
|  96|0x000000070c000000, 0x000000070c000000, 0x000000070c200000|  0%| F|  |TAMS 0x000000070c000000, 0x000000070c000000| Untracked 
|  97|0x000000070c200000, 0x000000070c200000, 0x000000070c400000|  0%| F|  |TAMS 0x000000070c200000, 0x000000070c200000| Untracked 
|  98|0x000000070c400000, 0x000000070c400000, 0x000000070c600000|  0%| F|  |TAMS 0x000000070c400000, 0x000000070c400000| Untracked 
|  99|0x000000070c600000, 0x000000070c600000, 0x000000070c800000|  0%| F|  |TAMS 0x000000070c600000, 0x000000070c600000| Untracked 
| 100|0x000000070c800000, 0x000000070c800000, 0x000000070ca00000|  0%| F|  |TAMS 0x000000070c800000, 0x000000070c800000| Untracked 
| 101|0x000000070ca00000, 0x000000070ca00000, 0x000000070cc00000|  0%| F|  |TAMS 0x000000070ca00000, 0x000000070ca00000| Untracked 
| 102|0x000000070cc00000, 0x000000070cc00000, 0x000000070ce00000|  0%| F|  |TAMS 0x000000070cc00000, 0x000000070cc00000| Untracked 
| 103|0x000000070ce00000, 0x000000070ce00000, 0x000000070d000000|  0%| F|  |TAMS 0x000000070ce00000, 0x000000070ce00000| Untracked 
| 104|0x000000070d000000, 0x000000070d000000, 0x000000070d200000|  0%| F|  |TAMS 0x000000070d000000, 0x000000070d000000| Untracked 
| 105|0x000000070d200000, 0x000000070d200000, 0x000000070d400000|  0%| F|  |TAMS 0x000000070d200000, 0x000000070d200000| Untracked 
| 106|0x000000070d400000, 0x000000070d400000, 0x000000070d600000|  0%| F|  |TAMS 0x000000070d400000, 0x000000070d400000| Untracked 
| 107|0x000000070d600000, 0x000000070d600000, 0x000000070d800000|  0%| F|  |TAMS 0x000000070d600000, 0x000000070d600000| Untracked 
| 108|0x000000070d800000, 0x000000070d800000, 0x000000070da00000|  0%| F|  |TAMS 0x000000070d800000, 0x000000070d800000| Untracked 
| 109|0x000000070da00000, 0x000000070da00000, 0x000000070dc00000|  0%| F|  |TAMS 0x000000070da00000, 0x000000070da00000| Untracked 
| 110|0x000000070dc00000, 0x000000070dc00000, 0x000000070de00000|  0%| F|  |TAMS 0x000000070dc00000, 0x000000070dc00000| Untracked 
| 111|0x000000070de00000, 0x000000070de00000, 0x000000070e000000|  0%| F|  |TAMS 0x000000070de00000, 0x000000070de00000| Untracked 
| 112|0x000000070e000000, 0x000000070e000000, 0x000000070e200000|  0%| F|  |TAMS 0x000000070e000000, 0x000000070e000000| Untracked 
| 113|0x000000070e200000, 0x000000070e200000, 0x000000070e400000|  0%| F|  |TAMS 0x000000070e200000, 0x000000070e200000| Untracked 
| 114|0x000000070e400000, 0x000000070e400000, 0x000000070e600000|  0%| F|  |TAMS 0x000000070e400000, 0x000000070e400000| Untracked 
| 115|0x000000070e600000, 0x000000070e600000, 0x000000070e800000|  0%| F|  |TAMS 0x000000070e600000, 0x000000070e600000| Untracked 
| 116|0x000000070e800000, 0x000000070e800000, 0x000000070ea00000|  0%| F|  |TAMS 0x000000070e800000, 0x000000070e800000| Untracked 
| 117|0x000000070ea00000, 0x000000070ea00000, 0x000000070ec00000|  0%| F|  |TAMS 0x000000070ea00000, 0x000000070ea00000| Untracked 
| 118|0x000000070ec00000, 0x000000070ec00000, 0x000000070ee00000|  0%| F|  |TAMS 0x000000070ec00000, 0x000000070ec00000| Untracked 
| 119|0x000000070ee00000, 0x000000070ee00000, 0x000000070f000000|  0%| F|  |TAMS 0x000000070ee00000, 0x000000070ee00000| Untracked 
| 120|0x000000070f000000, 0x000000070f000000, 0x000000070f200000|  0%| F|  |TAMS 0x000000070f000000, 0x000000070f000000| Untracked 
| 121|0x000000070f200000, 0x000000070f200000, 0x000000070f400000|  0%| F|  |TAMS 0x000000070f200000, 0x000000070f200000| Untracked 
| 122|0x000000070f400000, 0x000000070f400000, 0x000000070f600000|  0%| F|  |TAMS 0x000000070f400000, 0x000000070f400000| Untracked 
| 123|0x000000070f600000, 0x000000070f600000, 0x000000070f800000|  0%| F|  |TAMS 0x000000070f600000, 0x000000070f600000| Untracked 
| 124|0x000000070f800000, 0x000000070f800000, 0x000000070fa00000|  0%| F|  |TAMS 0x000000070f800000, 0x000000070f800000| Untracked 
| 125|0x000000070fa00000, 0x000000070faf7480, 0x000000070fc00000| 48%| E|  |TAMS 0x000000070fa00000, 0x000000070fa00000| Complete 
| 126|0x000000070fc00000, 0x000000070fe00000, 0x000000070fe00000|100%| E|  |TAMS 0x000000070fc00000, 0x000000070fc00000| Complete 
| 127|0x000000070fe00000, 0x0000000710000000, 0x0000000710000000|100%| E|CS|TAMS 0x000000070fe00000, 0x000000070fe00000| Complete 

Card table byte_map: [0x0000000120d3b000,0x000000012153b000] _byte_map_base: 0x000000011d53b000

Marking Bits (Prev, Next): (CMBitMap*) 0x00007fa687808610, (CMBitMap*) 0x00007fa687808650
 Prev Bits: [0x0000000121d3b000, 0x0000000125d3b000)
 Next Bits: [0x0000000125d3b000, 0x0000000129d3b000)

Polling page: 0x00000001029e1000

Metaspace:

Usage:
  Non-class:      5.39 MB used.
      Class:    478.88 KB used.
       Both:      5.85 MB used.

Virtual space:
  Non-class space:        8.00 MB reserved,       5.44 MB ( 68%) committed,  1 nodes.
      Class space:        1.00 GB reserved,     512.00 KB ( <1%) committed,  1 nodes.
              Both:        1.01 GB reserved,       5.94 MB ( <1%) committed. 

Chunk freelists:
   Non-Class:  2.20 MB
       Class:  3.50 MB
        Both:  5.70 MB

MaxMetaspaceSize: 17179869184.00 GB
CompressedClassSpaceSize: 1.00 GB
 - commit_granule_bytes: 65536.
 - commit_granule_words: 8192.
 - virtual_space_node_default_size: 1048576.
 - enlarge_chunks_in_place: 1.
 - new_chunks_are_fully_committed: 0.
 - uncommit_free_chunks: 1.
 - use_allocation_guard: 0.
 - handle_deallocations: 1.


Internal statistics:

num_allocs_failed_limit: 0.
num_arena_births: 6.
num_arena_deaths: 0.
num_vsnodes_births: 2.
num_vsnodes_deaths: 0.
num_space_committed: 95.
num_space_uncommitted: 0.
num_chunks_returned_to_freelist: 0.
num_chunks_taken_from_freelist: 31.
num_chunk_merges: 0.
num_chunk_splits: 13.
num_chunks_enlarged: 8.
num_purges: 0.

CodeHeap 'non-profiled nmethods': size=120028Kb used=55Kb max_used=55Kb free=119973Kb
 bounds [0x0000000119804000, 0x0000000119a74000, 0x0000000120d3b000]
CodeHeap 'profiled nmethods': size=120028Kb used=246Kb max_used=246Kb free=119782Kb
 bounds [0x00000001122cd000, 0x000000011253d000, 0x0000000119804000]
CodeHeap 'non-nmethods': size=5704Kb used=1085Kb max_used=1099Kb free=4618Kb
 bounds [0x0000000111d3b000, 0x0000000111fab000, 0x00000001122cd000]
 total_blobs=551 nmethods=196 adapters=270
 compilation: enabled
              stopped_count=0, restarted_count=0
 full_count=0

Compilation events (20 events):
Event: 0.188 Thread 0x00007fa686009200 nmethod 187 0x0000000112303910 code [0x0000000112303b20, 0x0000000112303fe0]
Event: 0.188 Thread 0x00007fa686009200  188       3       java.lang.StringLatin1::indexOf (25 bytes)
Event: 0.188 Thread 0x00007fa686009200 nmethod 188 0x0000000112304190 code [0x0000000112304340, 0x0000000112304540]
Event: 0.189 Thread 0x00007fa686009200  189  s!   3       jdk.internal.loader.URLClassPath::getLoader (194 bytes)
Event: 0.189 Thread 0x00007fa6870e3200 nmethod 186 0x0000000119811910 code [0x0000000119811aa0, 0x0000000119811b38]
Event: 0.190 Thread 0x00007fa686009200 nmethod 189 0x0000000112304610 code [0x0000000112304920, 0x0000000112305d20]
Event: 0.190 Thread 0x00007fa686009200  190   !   3       jdk.internal.loader.URLClassPath$JarLoader::getResource (65 bytes)
Event: 0.190 Thread 0x00007fa686009200 nmethod 190 0x0000000112306510 code [0x0000000112306780, 0x0000000112307120]
Event: 0.190 Thread 0x00007fa686009200  191       3       java.lang.String::substring (58 bytes)
Event: 0.191 Thread 0x00007fa686009200 nmethod 191 0x0000000112307490 code [0x0000000112307680, 0x0000000112307b20]
Event: 0.191 Thread 0x00007fa686009200  192       3       java.lang.String::checkBoundsBeginEnd (63 bytes)
Event: 0.191 Thread 0x00007fa686009200 nmethod 192 0x0000000112307c90 code [0x0000000112307f20, 0x00000001123087f0]
Event: 0.192 Thread 0x00007fa686009200  193       3       java.util.zip.ZipCoder::normalizedHash (36 bytes)
Event: 0.192 Thread 0x00007fa686009200 nmethod 193 0x0000000112308b90 code [0x0000000112308dc0, 0x00000001123094e0]
Event: 0.192 Thread 0x00007fa686009200  194       3       java.lang.AbstractStringBuilder::<init> (39 bytes)
Event: 0.192 Thread 0x00007fa686009200 nmethod 194 0x0000000112309810 code [0x00000001123099c0, 0x0000000112309c50]
Event: 0.192 Thread 0x00007fa686009200  195       3       java.lang.StringBuilder::toString (35 bytes)
Event: 0.192 Thread 0x00007fa686009200 nmethod 195 0x0000000112309d10 code [0x0000000112309ee0, 0x000000011230a190]
Event: 0.193 Thread 0x00007fa686009200  196       3       java.lang.String::lastIndexOf (29 bytes)
Event: 0.193 Thread 0x00007fa686009200 nmethod 196 0x000000011230a290 code [0x000000011230a460, 0x000000011230a710]

GC Heap History (0 events):
No events

Deoptimization events (4 events):
Event: 0.138 Thread 0x00007fa690008a00 DEOPT PACKING pc=0x00000001122e6614 sp=0x00000003099e9490
Event: 0.138 Thread 0x00007fa690008a00 DEOPT UNPACKING pc=0x0000000111d88b9b sp=0x00000003099e8960 mode 0
Event: 0.142 Thread 0x00007fa690008a00 DEOPT PACKING pc=0x00000001122e6614 sp=0x00000003099e9490
Event: 0.142 Thread 0x00007fa690008a00 DEOPT UNPACKING pc=0x0000000111d88b9b sp=0x00000003099e8960 mode 0

Classes unloaded (0 events):
No events

Classes redefined (0 events):
No events

Internal exceptions (0 events):
No events

Events (20 events):
Event: 0.179 loading class jdk/internal/jimage/decompressor/ResourceDecompressorFactory done
Event: 0.179 loading class jdk/internal/jimage/decompressor/ZipDecompressorFactory done
Event: 0.179 loading class jdk/internal/jimage/decompressor/StringSharingDecompressorFactory
Event: 0.179 loading class jdk/internal/jimage/decompressor/StringSharingDecompressorFactory done
Event: 0.180 loading class jdk/internal/jimage/decompressor/ZipDecompressor
Event: 0.180 loading class jdk/internal/jimage/decompressor/ResourceDecompressor
Event: 0.180 loading class jdk/internal/jimage/decompressor/ResourceDecompressor done
Event: 0.180 loading class jdk/internal/jimage/decompressor/ZipDecompressor done
Event: 0.180 loading class sun/net/www/protocol/jrt/Handler
Event: 0.180 loading class sun/net/www/protocol/jrt/Handler done
Event: 0.180 loading class java/lang/IllegalStateException
Event: 0.180 loading class java/lang/IllegalStateException done
Event: 0.185 loading class java/util/concurrent/ConcurrentHashMap$ForwardingNode
Event: 0.185 loading class java/util/concurrent/ConcurrentHashMap$ForwardingNode done
Event: 0.187 loading class java/lang/PublicMethods$MethodList
Event: 0.187 loading class java/lang/PublicMethods$MethodList done
Event: 0.194 loading class java/lang/PublicMethods$Key
Event: 0.194 loading class java/lang/PublicMethods$Key done
Event: 0.194 loading class java/lang/Class$EnclosingMethodInfo
Event: 0.194 loading class java/lang/Class$EnclosingMethodInfo done


Dynamic libraries:
0x000000010af60000 	/Applications/SpringToolSuite4.app/Contents/Eclipse/plugins/org.eclipse.justj.openjdk.hotspot.jre.full.macosx.x86_64_16.0.2.v20210721-1149/jre/lib/libjli.dylib
0x00007ff819ef6000 	/usr/lib/libz.1.dylib
0x00007ff819fe5000 	/usr/lib/libSystem.B.dylib
0x00007ff819fdf000 	/usr/lib/system/libcache.dylib
0x00007ff819f96000 	/usr/lib/system/libcommonCrypto.dylib
0x00007ff819fc3000 	/usr/lib/system/libcompiler_rt.dylib
0x00007ff819fb5000 	/usr/lib/system/libcopyfile.dylib
0x00007ff80d87b000 	/usr/lib/system/libcorecrypto.dylib
0x00007ff80d93f000 	/usr/lib/system/libdispatch.dylib
0x00007ff80dae9000 	/usr/lib/system/libdyld.dylib
0x00007ff819fd5000 	/usr/lib/system/libkeymgr.dylib
0x00007ff819f75000 	/usr/lib/system/libmacho.dylib
0x00007ff81947e000 	/usr/lib/system/libquarantine.dylib
0x00007ff819fd3000 	/usr/lib/system/libremovefile.dylib
0x00007ff81267f000 	/usr/lib/system/libsystem_asl.dylib
0x00007ff80d81c000 	/usr/lib/system/libsystem_blocks.dylib
0x00007ff80d98a000 	/usr/lib/system/libsystem_c.dylib
0x00007ff819fcb000 	/usr/lib/system/libsystem_collections.dylib
0x00007ff818558000 	/usr/lib/system/libsystem_configuration.dylib
0x00007ff8175fd000 	/usr/lib/system/libsystem_containermanager.dylib
0x00007ff819c2a000 	/usr/lib/system/libsystem_coreservices.dylib
0x00007ff8106cf000 	/usr/lib/system/libsystem_darwin.dylib
0x00007ff819fd6000 	/usr/lib/system/libsystem_dnssd.dylib
0x00007ff80d987000 	/usr/lib/system/libsystem_featureflags.dylib
0x00007ff80db17000 	/usr/lib/system/libsystem_info.dylib
0x00007ff819f09000 	/usr/lib/system/libsystem_m.dylib
0x00007ff80d912000 	/usr/lib/system/libsystem_malloc.dylib
0x00007ff812602000 	/usr/lib/system/libsystem_networkextension.dylib
0x00007ff810b10000 	/usr/lib/system/libsystem_notify.dylib
0x00007ff81855c000 	/usr/lib/system/libsystem_sandbox.dylib
0x00007ff819fd0000 	/usr/lib/system/libsystem_secinit.dylib
0x00007ff80daa3000 	/usr/lib/system/libsystem_kernel.dylib
0x00007ff80db0d000 	/usr/lib/system/libsystem_platform.dylib
0x00007ff80dadd000 	/usr/lib/system/libsystem_pthread.dylib
0x00007ff8140c4000 	/usr/lib/system/libsystem_symptoms.dylib
0x00007ff80d861000 	/usr/lib/system/libsystem_trace.dylib
0x00007ff819fa2000 	/usr/lib/system/libunwind.dylib
0x00007ff80d820000 	/usr/lib/system/libxpc.dylib
0x00007ff80da8e000 	/usr/lib/libc++abi.dylib
0x00007ff80d748000 	/usr/lib/libobjc.A.dylib
0x00007ff819fad000 	/usr/lib/liboah.dylib
0x00007ff80da12000 	/usr/lib/libc++.1.dylib
0x00007ff827527000 	/System/Library/Frameworks/Cocoa.framework/Versions/A/Cocoa
0x00007ff810b72000 	/System/Library/Frameworks/AppKit.framework/Versions/C/AppKit
0x00007ff81387b000 	/System/Library/Frameworks/CoreData.framework/Versions/A/CoreData
0x00007ff80e949000 	/System/Library/Frameworks/Foundation.framework/Versions/C/Foundation
0x00007ff811b7a000 	/System/Library/PrivateFrameworks/UIFoundation.framework/Versions/A/UIFoundation
0x00007ffb10523000 	/System/Library/PrivateFrameworks/CollectionViewCore.framework/Versions/A/CollectionViewCore
0x00007ff821446000 	/System/Library/PrivateFrameworks/RemoteViewServices.framework/Versions/A/RemoteViewServices
0x00007ff817dde000 	/System/Library/PrivateFrameworks/XCTTargetBootstrap.framework/Versions/A/XCTTargetBootstrap
0x00007ff81cf28000 	/System/Library/PrivateFrameworks/InternationalSupport.framework/Versions/A/InternationalSupport
0x00007ff81cfb1000 	/System/Library/PrivateFrameworks/UserActivity.framework/Versions/A/UserActivity
0x00007ffb27450000 	/System/Library/PrivateFrameworks/WindowManagement.framework/Versions/A/WindowManagement
0x00007ff80e638000 	/System/Library/Frameworks/SystemConfiguration.framework/Versions/A/SystemConfiguration
0x00007ff81c308000 	/usr/lib/libspindump.dylib
0x00007ff811d48000 	/System/Library/Frameworks/UniformTypeIdentifiers.framework/Versions/A/UniformTypeIdentifiers
0x00007ff815f9a000 	/usr/lib/libapp_launch_measurement.dylib
0x00007ff814d02000 	/System/Library/PrivateFrameworks/CoreAnalytics.framework/Versions/A/CoreAnalytics
0x00007ff815f9d000 	/System/Library/PrivateFrameworks/CoreAutoLayout.framework/Versions/A/CoreAutoLayout
0x00007ff81764b000 	/System/Library/Frameworks/Metal.framework/Versions/A/Metal
0x00007ff818567000 	/usr/lib/liblangid.dylib
0x00007ff817de3000 	/System/Library/PrivateFrameworks/CoreSVG.framework/Versions/A/CoreSVG
0x00007ff8126b1000 	/System/Library/PrivateFrameworks/SkyLight.framework/Versions/A/SkyLight
0x00007ff812aa4000 	/System/Library/Frameworks/CoreGraphics.framework/Versions/A/CoreGraphics
0x00007ff821b2c000 	/System/Library/Frameworks/Accelerate.framework/Versions/A/Accelerate
0x00007ff81bd79000 	/System/Library/PrivateFrameworks/IconServices.framework/Versions/A/IconServices
0x00007ff81762c000 	/System/Library/Frameworks/IOSurface.framework/Versions/A/IOSurface
0x00007ff814d2d000 	/usr/lib/libDiagnosticMessagesClient.dylib
0x00007ff8251e7000 	/System/Library/Frameworks/ApplicationServices.framework/Versions/A/ApplicationServices
0x00007ff817dca000 	/System/Library/PrivateFrameworks/DFRFoundation.framework/Versions/A/DFRFoundation
0x00007ff81043e000 	/usr/lib/libicucore.A.dylib
0x00007ff81ddc5000 	/System/Library/Frameworks/AudioToolbox.framework/Versions/A/AudioToolbox
0x00007ff81cf33000 	/System/Library/PrivateFrameworks/DataDetectorsCore.framework/Versions/A/DataDetectorsCore
0x00007ff9154ee000 	/System/Library/PrivateFrameworks/TextInput.framework/Versions/A/TextInput
0x00007ff81261a000 	/usr/lib/libMobileGestalt.dylib
0x00007ff817ad2000 	/System/Library/Frameworks/Carbon.framework/Versions/A/Frameworks/HIToolbox.framework/Versions/A/HIToolbox
0x00007ff815927000 	/System/Library/Frameworks/QuartzCore.framework/Versions/A/QuartzCore
0x00007ff8100b1000 	/System/Library/Frameworks/Security.framework/Versions/A/Security
0x00007ff82147e000 	/System/Library/Frameworks/Carbon.framework/Versions/A/Frameworks/SpeechRecognition.framework/Versions/A/SpeechRecognition
0x00007ff815cd9000 	/System/Library/PrivateFrameworks/CoreUI.framework/Versions/A/CoreUI
0x00007ff80f9ff000 	/System/Library/Frameworks/CoreAudio.framework/Versions/A/CoreAudio
0x00007ff814e06000 	/System/Library/Frameworks/DiskArbitration.framework/Versions/A/DiskArbitration
0x00007ff81c724000 	/System/Library/PrivateFrameworks/MultitouchSupport.framework/Versions/A/MultitouchSupport
0x00007ff812619000 	/usr/lib/libenergytrace.dylib
0x00007ff810a53000 	/System/Library/Frameworks/IOKit.framework/Versions/A/IOKit
0x00007ff82187b000 	/System/Library/Frameworks/CoreServices.framework/Versions/A/CoreServices
0x00007ff815f32000 	/System/Library/PrivateFrameworks/PerformanceAnalysis.framework/Versions/A/PerformanceAnalysis
0x00007ffa25841000 	/System/Library/Frameworks/OpenGL.framework/Versions/A/OpenGL
0x00007ff815fe5000 	/usr/lib/libxml2.2.dylib
0x00007ff819390000 	/System/Library/PrivateFrameworks/MobileKeyBag.framework/Versions/A/MobileKeyBag
0x00007ff8132b1000 	/System/Library/Frameworks/ColorSync.framework/Versions/A/ColorSync
0x00007ff80db42000 	/System/Library/Frameworks/CoreFoundation.framework/Versions/A/CoreFoundation
0x00007ff818133000 	/System/Library/Frameworks/CoreImage.framework/Versions/A/CoreImage
0x00007ff80f80d000 	/System/Library/Frameworks/CoreText.framework/Versions/A/CoreText
0x00007ff817e1a000 	/System/Library/Frameworks/ImageIO.framework/Versions/A/ImageIO
0x00007ff819feb000 	/System/Library/PrivateFrameworks/SoftLinking.framework/Versions/A/SoftLinking
0x00007ff81a26c000 	/usr/lib/libcompression.dylib
0x00007ff81ce61000 	/System/Library/PrivateFrameworks/TextureIO.framework/Versions/A/TextureIO
0x00007ff81b9a3000 	/usr/lib/libate.dylib
0x00007ff81b731000 	/usr/lib/liblzma.5.dylib
0x00007ff819fe7000 	/usr/lib/libfakelink.dylib
0x00007ff812260000 	/System/Library/Frameworks/CFNetwork.framework/Versions/A/CFNetwork
0x00007ff81a124000 	/usr/lib/libarchive.2.dylib
0x00007ff81f714000 	/System/Library/Frameworks/Combine.framework/Versions/A/Combine
0x00007ff81d862000 	/usr/lib/swift/libswiftCore.dylib
0x00007ff9124c3000 	/usr/lib/swift/libswiftCoreFoundation.dylib
0x00007ff910587000 	/usr/lib/swift/libswiftDarwin.dylib
0x00007ff8230c8000 	/usr/lib/swift/libswiftDispatch.dylib
0x00007ff9124df000 	/usr/lib/swift/libswiftIOKit.dylib
0x00007ff825626000 	/usr/lib/swift/libswiftObjectiveC.dylib
0x00007ff9124d4000 	/usr/lib/swift/libswiftXPC.dylib
0x00007ffc0e00c000 	/usr/lib/swift/libswift_Concurrency.dylib
0x00007ffc0e149000 	/usr/lib/swift/libswift_StringProcessing.dylib
0x00007ff82562a000 	/usr/lib/swift/libswiftos.dylib
0x00007ff8109d6000 	/System/Library/PrivateFrameworks/CoreServicesInternal.framework/Versions/A/CoreServicesInternal
0x00007ff8194a5000 	/usr/lib/libbsm.0.dylib
0x00007ff819f7a000 	/usr/lib/system/libkxld.dylib
0x00007ff815f66000 	/System/Library/Frameworks/CoreServices.framework/Versions/A/Frameworks/FSEvents.framework/Versions/A/FSEvents
0x00007ff8106da000 	/System/Library/Frameworks/CoreServices.framework/Versions/A/Frameworks/CarbonCore.framework/Versions/A/CarbonCore
0x00007ff814d70000 	/System/Library/Frameworks/CoreServices.framework/Versions/A/Frameworks/Metadata.framework/Versions/A/Metadata
0x00007ff819c30000 	/System/Library/Frameworks/CoreServices.framework/Versions/A/Frameworks/OSServices.framework/Versions/A/OSServices
0x00007ff81a1ac000 	/System/Library/Frameworks/CoreServices.framework/Versions/A/Frameworks/SearchKit.framework/Versions/A/SearchKit
0x00007ff814048000 	/System/Library/Frameworks/CoreServices.framework/Versions/A/Frameworks/AE.framework/Versions/A/AE
0x00007ff80dfdd000 	/System/Library/Frameworks/CoreServices.framework/Versions/A/Frameworks/LaunchServices.framework/Versions/A/LaunchServices
0x00007ff81b6e2000 	/System/Library/Frameworks/CoreServices.framework/Versions/A/Frameworks/DictionaryServices.framework/Versions/A/DictionaryServices
0x00007ff815f73000 	/System/Library/Frameworks/CoreServices.framework/Versions/A/Frameworks/SharedFileList.framework/Versions/A/SharedFileList
0x00007ff81a236000 	/usr/lib/libapple_nghttp2.dylib
0x00007ff81225c000 	/usr/lib/libnetwork.dylib
0x00007ff813cfa000 	/usr/lib/libsqlite3.dylib
0x00007ff8140cc000 	/System/Library/Frameworks/Network.framework/Versions/A/Network
0x00007ffb2ce79000 	/usr/lib/libCoreEntitlements.dylib
0x00007ffb19f95000 	/System/Library/PrivateFrameworks/MessageSecurity.framework/Versions/A/MessageSecurity
0x00007ff813ce1000 	/System/Library/PrivateFrameworks/ProtocolBuffer.framework/Versions/A/ProtocolBuffer
0x00007ff819b4c000 	/System/Library/PrivateFrameworks/AppleFSCompression.framework/Versions/A/AppleFSCompression
0x00007ff81948d000 	/usr/lib/libcoretls.dylib
0x00007ff81b74a000 	/usr/lib/libcoretls_cfhelpers.dylib
0x00007ff81a266000 	/usr/lib/libpam.2.dylib
0x00007ff81b7bc000 	/usr/lib/libxar.1.dylib
0x00007ff81bd55000 	/usr/lib/libheimdal-asn1.dylib
0x00007ff819fec000 	/usr/lib/libpcap.A.dylib
0x00007ff8140bb000 	/usr/lib/libdns_services.dylib
0x00007ff818563000 	/System/Library/PrivateFrameworks/AppleSystemInfo.framework/Versions/A/AppleSystemInfo
0x00007ff819197000 	/System/Library/PrivateFrameworks/IOMobileFramebuffer.framework/Versions/A/IOMobileFramebuffer
0x00007ff819c1b000 	/usr/lib/libbz2.1.0.dylib
0x00007ff819481000 	/usr/lib/libCheckFix.dylib
0x00007ff812696000 	/System/Library/PrivateFrameworks/TCC.framework/Versions/A/TCC
0x00007ff818569000 	/System/Library/PrivateFrameworks/CoreNLP.framework/Versions/A/CoreNLP
0x00007ff814d2f000 	/System/Library/PrivateFrameworks/MetadataUtilities.framework/Versions/A/MetadataUtilities
0x00007ff8194b6000 	/usr/lib/libmecab.dylib
0x00007ff80e6b8000 	/usr/lib/libCRFSuite.dylib
0x00007ff81950f000 	/usr/lib/libgermantok.dylib
0x00007ff81a212000 	/usr/lib/libThaiTokenizer.dylib
0x00007ff814e0e000 	/System/Library/Frameworks/Accelerate.framework/Versions/A/Frameworks/vImage.framework/Versions/A/vImage
0x00007ff82184e000 	/System/Library/Frameworks/Accelerate.framework/Versions/A/Frameworks/vecLib.framework/Versions/A/vecLib
0x00007ff81b7fe000 	/System/Library/Frameworks/Accelerate.framework/Versions/A/Frameworks/vecLib.framework/Versions/A/libvMisc.dylib
0x00007ff818f92000 	/System/Library/Frameworks/Accelerate.framework/Versions/A/Frameworks/vecLib.framework/Versions/A/libvDSP.dylib
0x00007ff80e39b000 	/System/Library/Frameworks/Accelerate.framework/Versions/A/Frameworks/vecLib.framework/Versions/A/libBLAS.dylib
0x00007ff81a34a000 	/System/Library/Frameworks/Accelerate.framework/Versions/A/Frameworks/vecLib.framework/Versions/A/libLAPACK.dylib
0x00007ff819512000 	/System/Library/Frameworks/Accelerate.framework/Versions/A/Frameworks/vecLib.framework/Versions/A/libLinearAlgebra.dylib
0x00007ff81a251000 	/System/Library/Frameworks/Accelerate.framework/Versions/A/Frameworks/vecLib.framework/Versions/A/libSparseBLAS.dylib
0x00007ff81a344000 	/System/Library/Frameworks/Accelerate.framework/Versions/A/Frameworks/vecLib.framework/Versions/A/libQuadrature.dylib
0x00007ff81864f000 	/System/Library/Frameworks/Accelerate.framework/Versions/A/Frameworks/vecLib.framework/Versions/A/libBNNS.dylib
0x00007ff80e5c1000 	/System/Library/Frameworks/Accelerate.framework/Versions/A/Frameworks/vecLib.framework/Versions/A/libSparse.dylib
0x00007ffb191d3000 	/System/Library/PrivateFrameworks/MIL.framework/Versions/A/MIL
0x00007ff81a021000 	/usr/lib/libiconv.2.dylib
0x00007ff819f74000 	/usr/lib/libcharset.1.dylib
0x00007ff815f4a000 	/System/Library/Frameworks/OpenDirectory.framework/Versions/A/Frameworks/CFOpenDirectory.framework/Versions/A/CFOpenDirectory
0x00007ff815f3e000 	/System/Library/Frameworks/OpenDirectory.framework/Versions/A/OpenDirectory
0x00007ff81b74c000 	/System/Library/PrivateFrameworks/APFS.framework/Versions/A/APFS
0x00007ff8193c3000 	/System/Library/Frameworks/SecurityFoundation.framework/Versions/A/SecurityFoundation
0x00007ff81b7ca000 	/usr/lib/libutil.dylib
0x00007ffb1814f000 	/System/Library/PrivateFrameworks/InstalledContentLibrary.framework/Versions/A/InstalledContentLibrary
0x00007ff810a16000 	/System/Library/PrivateFrameworks/CoreServicesStore.framework/Versions/A/CoreServicesStore
0x00007ffb0f0c5000 	/System/Library/PrivateFrameworks/AppleMobileFileIntegrity.framework/Versions/A/AppleMobileFileIntegrity
0x00007ff9124a5000 	/usr/lib/libmis.dylib
0x00007ff920d4d000 	/System/Library/PrivateFrameworks/MobileSystemServices.framework/Versions/A/MobileSystemServices
0x00007ffa1cab5000 	/System/Library/PrivateFrameworks/ConfigProfileHelper.framework/Versions/A/ConfigProfileHelper
0x00007ff81a214000 	/System/Library/PrivateFrameworks/AppleSauce.framework/Versions/A/AppleSauce
0x00007ff80f2d2000 	/System/Library/PrivateFrameworks/LanguageModeling.framework/Versions/A/LanguageModeling
0x00007ff81b7ce000 	/usr/lib/libxslt.1.dylib
0x00007ff81a113000 	/usr/lib/libcmph.dylib
0x00007ff819184000 	/System/Library/PrivateFrameworks/CoreEmoji.framework/Versions/A/CoreEmoji
0x00007ff81864a000 	/System/Library/PrivateFrameworks/LinguisticData.framework/Versions/A/LinguisticData
0x00007ff80e578000 	/System/Library/PrivateFrameworks/Lexicon.framework/Versions/A/Lexicon
0x00007ff819451000 	/System/Library/PrivateFrameworks/BackgroundTaskManagement.framework/Versions/A/BackgroundTaskManagement
0x00007ffb2cfbb000 	/usr/lib/libTLE.dylib
0x00007ffc0e092000 	/usr/lib/swift/libswift_RegexParser.dylib
0x00007ff81c5ee000 	/System/Library/PrivateFrameworks/AppleJPEG.framework/Versions/A/AppleJPEG
0x00007ff81bd3a000 	/usr/lib/libexpat.1.dylib
0x00007ff81ccbe000 	/System/Library/Frameworks/ImageIO.framework/Versions/A/Resources/libPng.dylib
0x00007ff81cceb000 	/System/Library/Frameworks/ImageIO.framework/Versions/A/Resources/libTIFF.dylib
0x00007ff81cddb000 	/System/Library/Frameworks/ImageIO.framework/Versions/A/Resources/libGIF.dylib
0x00007ff81c639000 	/System/Library/Frameworks/ImageIO.framework/Versions/A/Resources/libJP2.dylib
0x00007ff81cd7b000 	/System/Library/Frameworks/ImageIO.framework/Versions/A/Resources/libJPEG.dylib
0x00007ff81cd72000 	/System/Library/Frameworks/ImageIO.framework/Versions/A/Resources/libRadiance.dylib
0x00007ff81796b000 	/System/Library/PrivateFrameworks/FontServices.framework/libFontParser.dylib
0x00007ff813fed000 	/System/Library/PrivateFrameworks/RunningBoardServices.framework/Versions/A/RunningBoardServices
0x00007ff827bd3000 	/System/Library/PrivateFrameworks/IOSurfaceAccelerator.framework/Versions/A/IOSurfaceAccelerator
0x00007ff81c720000 	/System/Library/PrivateFrameworks/WatchdogClient.framework/Versions/A/WatchdogClient
0x00007ff80f438000 	/System/Library/Frameworks/CoreDisplay.framework/Versions/A/CoreDisplay
0x00007ff81785a000 	/System/Library/Frameworks/CoreMedia.framework/Versions/A/CoreMedia
0x00007ff817642000 	/System/Library/PrivateFrameworks/IOAccelerator.framework/Versions/A/IOAccelerator
0x00007ff8160c4000 	/System/Library/Frameworks/CoreVideo.framework/Versions/A/CoreVideo
0x00007ff81a264000 	/System/Library/Frameworks/MetalPerformanceShaders.framework/Versions/A/MetalPerformanceShaders
0x00007ff81c75f000 	/System/Library/Frameworks/VideoToolbox.framework/Versions/A/VideoToolbox
0x00007ff813f2b000 	/System/Library/PrivateFrameworks/BaseBoard.framework/Versions/A/BaseBoard
0x00007ff81cd6b000 	/System/Library/PrivateFrameworks/GPUWrangler.framework/Versions/A/GPUWrangler
0x00007ff81cd4f000 	/System/Library/PrivateFrameworks/IOPresentment.framework/Versions/A/IOPresentment
0x00007ff81cd75000 	/System/Library/PrivateFrameworks/DSExternalDisplay.framework/Versions/A/DSExternalDisplay
0x00007ffb14644000 	/System/Library/PrivateFrameworks/GPUCompiler.framework/Versions/31001/Libraries/libllvm-flatbuffers.dylib
0x00007ffa25835000 	/System/Library/Frameworks/OpenGL.framework/Versions/A/Libraries/libCoreFSCache.dylib
0x00007ffb14640000 	/System/Library/PrivateFrameworks/GPUCompiler.framework/Versions/31001/Libraries/libGPUCompilerUtils.dylib
0x00007ff81cde1000 	/System/Library/PrivateFrameworks/CMCaptureCore.framework/Versions/A/CMCaptureCore
0x00007ffa294ed000 	/System/Library/Frameworks/ExtensionFoundation.framework/Versions/A/ExtensionFoundation
0x00007ff823860000 	/System/Library/PrivateFrameworks/CoreTime.framework/Versions/A/CoreTime
0x00007ff81c2f3000 	/System/Library/PrivateFrameworks/AppServerSupport.framework/Versions/A/AppServerSupport
0x00007ff81e67b000 	/System/Library/PrivateFrameworks/perfdata.framework/Versions/A/perfdata
0x00007ff80f564000 	/System/Library/PrivateFrameworks/AudioToolboxCore.framework/Versions/A/AudioToolboxCore
0x00007ff817835000 	/System/Library/PrivateFrameworks/caulk.framework/Versions/A/caulk
0x00007ff81df56000 	/usr/lib/libAudioStatistics.dylib
0x00007ff911947000 	/System/Library/PrivateFrameworks/SystemPolicy.framework/Versions/A/SystemPolicy
0x00007ff81e1f1000 	/usr/lib/libSMC.dylib
0x00007ff8273c5000 	/System/Library/Frameworks/CoreMIDI.framework/Versions/A/CoreMIDI
0x00007ff81cc8c000 	/usr/lib/libAudioToolboxUtility.dylib
0x00007ff82cd28000 	/System/Library/PrivateFrameworks/OSAServicesClient.framework/Versions/A/OSAServicesClient
0x00007ff81e688000 	/usr/lib/libperfcheck.dylib
0x00007ff81bc1a000 	/System/Library/PrivateFrameworks/PlugInKit.framework/Versions/A/PlugInKit
0x00007ff8193b6000 	/System/Library/PrivateFrameworks/AssertionServices.framework/Versions/A/AssertionServices
0x00007ffa25892000 	/System/Library/Frameworks/OpenGL.framework/Versions/A/Libraries/libGLU.dylib
0x00007ffa25854000 	/System/Library/Frameworks/OpenGL.framework/Versions/A/Libraries/libGFXShared.dylib
0x00007ffa25a53000 	/System/Library/Frameworks/OpenGL.framework/Versions/A/Libraries/libGL.dylib
0x00007ffa2585d000 	/System/Library/Frameworks/OpenGL.framework/Versions/A/Libraries/libGLImage.dylib
0x00007ffa25851000 	/System/Library/Frameworks/OpenGL.framework/Versions/A/Libraries/libCVMSPluginSupport.dylib
0x00007ffb2cf9a000 	/usr/lib/libRosetta.dylib
0x00007ffa2583c000 	/System/Library/Frameworks/OpenGL.framework/Versions/A/Libraries/libCoreVMClient.dylib
0x00007ff8184d8000 	/System/Library/Frameworks/MetalPerformanceShaders.framework/Versions/A/Frameworks/MPSCore.framework/Versions/A/MPSCore
0x00007ff819ab6000 	/System/Library/Frameworks/MetalPerformanceShaders.framework/Versions/A/Frameworks/MPSImage.framework/Versions/A/MPSImage
0x00007ff819528000 	/System/Library/Frameworks/MetalPerformanceShaders.framework/Versions/A/Frameworks/MPSNeuralNetwork.framework/Versions/A/MPSNeuralNetwork
0x00007ff819999000 	/System/Library/Frameworks/MetalPerformanceShaders.framework/Versions/A/Frameworks/MPSMatrix.framework/Versions/A/MPSMatrix
0x00007ff819755000 	/System/Library/Frameworks/MetalPerformanceShaders.framework/Versions/A/Frameworks/MPSRayIntersector.framework/Versions/A/MPSRayIntersector
0x00007ff8199d5000 	/System/Library/Frameworks/MetalPerformanceShaders.framework/Versions/A/Frameworks/MPSNDArray.framework/Versions/A/MPSNDArray
0x00007ffa2a8d5000 	/System/Library/Frameworks/MetalPerformanceShaders.framework/Versions/A/Frameworks/MPSFunctions.framework/Versions/A/MPSFunctions
0x00007ff80e25b000 	/System/Library/PrivateFrameworks/MetalTools.framework/Versions/A/MetalTools
0x00007ff818562000 	/System/Library/PrivateFrameworks/AggregateDictionary.framework/Versions/A/AggregateDictionary
0x00007ff81bad0000 	/usr/lib/libIOReport.dylib
0x00007ffb1cac6000 	/System/Library/PrivateFrameworks/PhotosensitivityProcessing.framework/Versions/A/PhotosensitivityProcessing
0x00007ffa26518000 	/System/Library/Frameworks/OpenCL.framework/Versions/A/OpenCL
0x00007ff81be82000 	/System/Library/PrivateFrameworks/GraphVisualizer.framework/Versions/A/GraphVisualizer
0x00007ffb14559000 	/System/Library/PrivateFrameworks/FontServices.framework/Versions/A/FontServices
0x00007ff81c2ae000 	/System/Library/PrivateFrameworks/OTSVG.framework/Versions/A/OTSVG
0x00007ff815c8d000 	/System/Library/Frameworks/ApplicationServices.framework/Versions/A/Frameworks/ATS.framework/Versions/A/Resources/libFontRegistry.dylib
0x00007ff81c2fd000 	/System/Library/PrivateFrameworks/FontServices.framework/libhvf.dylib
0x00007ffb1455a000 	/System/Library/PrivateFrameworks/FontServices.framework/libXTFontStaticRegistryData.dylib
0x00007ff91d350000 	/usr/lib/swift/libswiftMetal.dylib
0x00007ff91544f000 	/usr/lib/swift/libswiftsimd.dylib
0x00007ffb2619f000 	/System/Library/PrivateFrameworks/VideoToolboxParavirtualizationSupport.framework/Versions/A/VideoToolboxParavirtualizationSupport
0x00007ff81bcea000 	/System/Library/PrivateFrameworks/AppleVA.framework/Versions/A/AppleVA
0x00007ff81df96000 	/System/Library/Frameworks/ApplicationServices.framework/Versions/A/Frameworks/ATS.framework/Versions/A/ATS
0x00007ff8133a1000 	/System/Library/Frameworks/ApplicationServices.framework/Versions/A/Frameworks/HIServices.framework/Versions/A/HIServices
0x00007ff81cded000 	/System/Library/Frameworks/ApplicationServices.framework/Versions/A/Frameworks/PrintCore.framework/Versions/A/PrintCore
0x00007ff81e347000 	/System/Library/Frameworks/ApplicationServices.framework/Versions/A/Frameworks/QD.framework/Versions/A/QD
0x00007ff81e33f000 	/System/Library/Frameworks/ApplicationServices.framework/Versions/A/Frameworks/ColorSyncLegacy.framework/Versions/A/ColorSyncLegacy
0x00007ff81df6a000 	/System/Library/Frameworks/ApplicationServices.framework/Versions/A/Frameworks/SpeechSynthesis.framework/Versions/A/SpeechSynthesis
0x00007ff81cdab000 	/System/Library/Frameworks/ApplicationServices.framework/Versions/A/Frameworks/ATSUI.framework/Versions/A/ATSUI
0x00007ff81e2d1000 	/usr/lib/libcups.2.dylib
0x00007ff81e697000 	/System/Library/Frameworks/Kerberos.framework/Versions/A/Kerberos
0x00007ff81e6a6000 	/System/Library/Frameworks/GSS.framework/Versions/A/GSS
0x00007ff81e004000 	/usr/lib/libresolv.9.dylib
0x00007ff81c30d000 	/System/Library/PrivateFrameworks/Heimdal.framework/Versions/A/Heimdal
0x00007ff8255a8000 	/System/Library/Frameworks/Kerberos.framework/Versions/A/Libraries/libHeimdalProxy.dylib
0x00007ff81e6f1000 	/System/Library/PrivateFrameworks/CommonAuth.framework/Versions/A/CommonAuth
0x00007ffa2879d000 	/System/Library/Frameworks/AVFAudio.framework/Versions/A/AVFAudio
0x00007ff82cd71000 	/System/Library/PrivateFrameworks/AXCoreUtilities.framework/Versions/A/AXCoreUtilities
0x00007ff81dee8000 	/System/Library/PrivateFrameworks/AudioSession.framework/Versions/A/AudioSession
0x00007ff81f4e6000 	/System/Library/Frameworks/IOBluetooth.framework/Versions/A/IOBluetooth
0x00007ff81bdf0000 	/System/Library/PrivateFrameworks/MediaExperience.framework/Versions/A/MediaExperience
0x00007ff81dd92000 	/System/Library/PrivateFrameworks/AudioSession.framework/libSessionUtility.dylib
0x00007ff81e353000 	/System/Library/PrivateFrameworks/AudioResourceArbitration.framework/Versions/A/AudioResourceArbitration
0x00007ff822477000 	/System/Library/PrivateFrameworks/PowerLog.framework/Versions/A/PowerLog
0x00007ff8223b6000 	/System/Library/Frameworks/CoreBluetooth.framework/Versions/A/CoreBluetooth
0x00007ff8255a9000 	/System/Library/Frameworks/AudioUnit.framework/Versions/A/AudioUnit
0x00007ff819220000 	/System/Library/PrivateFrameworks/CoreUtils.framework/Versions/A/CoreUtils
0x00007ffb13027000 	/System/Library/PrivateFrameworks/CoreUtilsExtras.framework/Versions/A/CoreUtilsExtras
0x00007ffb17fde000 	/System/Library/PrivateFrameworks/IO80211.framework/Versions/A/IO80211
0x00007ff81bd5e000 	/System/Library/PrivateFrameworks/IconFoundation.framework/Versions/A/IconFoundation
0x00007ff82146e000 	/System/Library/PrivateFrameworks/SpeechRecognitionCore.framework/Versions/A/SpeechRecognitionCore
0x000000010c051000 	/Applications/SpringToolSuite4.app/Contents/Eclipse/plugins/org.eclipse.justj.openjdk.hotspot.jre.full.macosx.x86_64_16.0.2.v20210721-1149/jre/lib/server/libjvm.dylib
0x000000010b050000 	/Applications/SpringToolSuite4.app/Contents/Eclipse/plugins/org.eclipse.justj.openjdk.hotspot.jre.full.macosx.x86_64_16.0.2.v20210721-1149/jre/lib/libjimage.dylib
0x000000010b096000 	/Applications/SpringToolSuite4.app/Contents/Eclipse/plugins/org.eclipse.justj.openjdk.hotspot.jre.full.macosx.x86_64_16.0.2.v20210721-1149/jre/lib/libjava.dylib
0x000000010bb72000 	/Applications/SpringToolSuite4.app/Contents/Eclipse/plugins/org.eclipse.justj.openjdk.hotspot.jre.full.macosx.x86_64_16.0.2.v20210721-1149/jre/lib/libzip.dylib
0x000000010bca9000 	/Applications/SpringToolSuite4.app/Contents/Eclipse/plugins/org.eclipse.justj.openjdk.hotspot.jre.full.macosx.x86_64_16.0.2.v20210721-1149/jre/lib/libnio.dylib
0x000000010bcf3000 	/Applications/SpringToolSuite4.app/Contents/Eclipse/plugins/org.eclipse.justj.openjdk.hotspot.jre.full.macosx.x86_64_16.0.2.v20210721-1149/jre/lib/libnet.dylib


VM Arguments:
jvm_args: -Dfile.encoding=UTF-8 -XX:+ShowCodeDetailsInExceptionMessages 
java_command: oracle.jdbc.driver.JavaToJavaConverter$178
java_class_path (initial): /Users/huiju/Documents/GitHub/KB04_TeamProject/jgig/target/test-classes:/Users/huiju/Documents/GitHub/KB04_TeamProject/jgig/target/classes:/Users/huiju/.m2/repository/org/springframework/boot/spring-boot-starter-web/2.7.15/spring-boot-starter-web-2.7.15.jar:/Users/huiju/.m2/repository/org/springframework/boot/spring-boot-starter/2.7.15/spring-boot-starter-2.7.15.jar:/Users/huiju/.m2/repository/org/springframework/boot/spring-boot-starter-logging/2.7.15/spring-boot-starter-logging-2.7.15.jar:/Users/huiju/.m2/repository/ch/qos/logback/logback-classic/1.2.12/logback-classic-1.2.12.jar:/Users/huiju/.m2/repository/ch/qos/logback/logback-core/1.2.12/logback-core-1.2.12.jar:/Users/huiju/.m2/repository/org/apache/logging/log4j/log4j-to-slf4j/2.17.2/log4j-to-slf4j-2.17.2.jar:/Users/huiju/.m2/repository/org/apache/logging/log4j/log4j-api/2.17.2/log4j-api-2.17.2.jar:/Users/huiju/.m2/repository/org/slf4j/jul-to-slf4j/1.7.36/jul-to-slf4j-1.7.36.jar:/Users/huiju/.m2/repository/jakarta/annotation/jakarta.annotation-api/1.3.5/jakarta.annotation-api-1.3.5.jar:/Users/huiju/.m2/repository/org/yaml/snakeyaml/1.30/snakeyaml-1.30.jar:/Users/huiju/.m2/repository/org/springframework/boot/spring-boot-starter-json/2.7.15/spring-boot-starter-json-2.7.15.jar:/Users/huiju/.m2/repository/com/fasterxml/jackson/core/jackson-databind/2.13.5/jackson-databind-2.13.5.jar:/Users/huiju/.m2/repository/com/fasterxml/jackson/core/jackson-annotations/2.13.5/jackson-annotations-2.13.5.jar:/Users/huiju/.m2/repository/com/fasterxml/jackson/core/jackson-core/2.13.5/jackson-core-2.13.5.jar:/Users/huiju/.m2/repository/com/fasterxml/jackson/datatype/jackson-datatype-jdk8/2.13.5/jackson-datatype-jdk8-2.13.5.jar:/Users/huiju/.m2/repository/com/fasterxml/jackson/datatype/jackson-datatype-jsr310/2.13.5/jackson-datatype-jsr310-2.13.5.jar:/Users/huiju/.m2/repository/com/fasterxml/jackson/module/jackson-module-parameter-names/2.13.5/jackson-module-parameter-names-2.13.5.jar:/Users/huiju/.m2/r
Launcher Type: SUN_STANDARD

[Global flags]
     intx CICompilerCount                          = 4                                         {product} {ergonomic}
     uint ConcGCThreads                            = 2                                         {product} {ergonomic}
     uint G1ConcRefinementThreads                  = 8                                         {product} {ergonomic}
   size_t G1HeapRegionSize                         = 2097152                                   {product} {ergonomic}
    uintx GCDrainStackTargetSize                   = 64                                        {product} {ergonomic}
   size_t InitialHeapSize                          = 268435456                                 {product} {ergonomic}
   size_t MarkStackSize                            = 4194304                                   {product} {ergonomic}
   size_t MaxHeapSize                              = 4294967296                                {product} {ergonomic}
   size_t MaxNewSize                               = 2575302656                                {product} {ergonomic}
   size_t MinHeapDeltaBytes                        = 2097152                                   {product} {ergonomic}
   size_t MinHeapSize                              = 8388608                                   {product} {ergonomic}
    uintx NonNMethodCodeHeapSize                   = 5839372                                {pd product} {ergonomic}
    uintx NonProfiledCodeHeapSize                  = 122909434                              {pd product} {ergonomic}
    uintx ProfiledCodeHeapSize                     = 122909434                              {pd product} {ergonomic}
    uintx ReservedCodeCacheSize                    = 251658240                              {pd product} {ergonomic}
     bool SegmentedCodeCache                       = true                                      {product} {ergonomic}
     bool ShowCodeDetailsInExceptionMessages       = true                                   {manageable} {command line}
   size_t SoftMaxHeapSize                          = 4294967296                             {manageable} {ergonomic}
     bool UseCompressedClassPointers               = true                           {product lp64_product} {ergonomic}
     bool UseCompressedOops                        = true                           {product lp64_product} {ergonomic}
     bool UseG1GC                                  = true                                      {product} {ergonomic}
     bool UseNUMA                                  = false                                     {product} {ergonomic}
     bool UseNUMAInterleaving                      = false                                     {product} {ergonomic}

Logging:
Log output configuration:
 #0: stdout all=warning uptime,level,tags
 #1: stderr all=off uptime,level,tags

Environment Variables:
PATH=/usr/bin:/bin:/usr/sbin:/sbin
SHELL=/bin/zsh

Signal Handlers:
SIGSEGV: [libjvm.dylib+0xa7da90], sa_mask[0]=11100110100111111111111111111111, sa_flags=SA_ONSTACK|SA_RESTART|SA_SIGINFO
SIGBUS: [libjvm.dylib+0xa7da90], sa_mask[0]=11100110100111111111111111111111, sa_flags=SA_RESTART|SA_SIGINFO
SIGFPE: [libjvm.dylib+0xa7da90], sa_mask[0]=11100110100111111111111111111111, sa_flags=SA_RESTART|SA_SIGINFO
SIGPIPE: [libjvm.dylib+0x947480], sa_mask[0]=11100110100111111111111111111111, sa_flags=SA_RESTART|SA_SIGINFO
SIGXFSZ: [libjvm.dylib+0x947480], sa_mask[0]=11100110100111111111111111111111, sa_flags=SA_RESTART|SA_SIGINFO
SIGILL: [libjvm.dylib+0xa7da90], sa_mask[0]=11100110100111111111111111111111, sa_flags=SA_RESTART|SA_SIGINFO
SIGUSR2: [libjvm.dylib+0x947f30], sa_mask[0]=00100000000000000000000000000000, sa_flags=SA_RESTART|SA_SIGINFO
SIGHUP: [libjvm.dylib+0x9464f0], sa_mask[0]=11100110100111111111111111111111, sa_flags=SA_RESTART|SA_SIGINFO
SIGINT: [libjvm.dylib+0x9464f0], sa_mask[0]=11100110100111111111111111111111, sa_flags=SA_RESTART|SA_SIGINFO
SIGTERM: [libjvm.dylib+0x9464f0], sa_mask[0]=11100110100111111111111111111111, sa_flags=SA_RESTART|SA_SIGINFO
SIGQUIT: [libjvm.dylib+0x9464f0], sa_mask[0]=11100110100111111111111111111111, sa_flags=SA_RESTART|SA_SIGINFO
SIGTRAP: [libjvm.dylib+0xa7da90], sa_mask[0]=11100110100111111111111111111111, sa_flags=SA_RESTART|SA_SIGINFO


---------------  S Y S T E M  ---------------

OS:uname: Darwin 22.5.0 Darwin Kernel Version 22.5.0: Thu Jun  8 22:22:19 PDT 2023; root:xnu-8796.121.3~7/RELEASE_ARM64_T8103 x86_64
OS uptime: 41 days 19:17 hours
rlimit (soft/hard): STACK 8176k/65520k , CORE 0k/infinity , NPROC 2666/4000 , NOFILE 10240/infinity , AS infinity/infinity , CPU infinity/infinity , DATA infinity/infinity , FSIZE infinity/infinity , MEMLOCK infinity/infinity , RSS infinity/infinity
load average: 1.85 1.55 1.65

CPU: total 8 (initial active 8) (1 cores per cpu, 1 threads per core) family 6 model 44 stepping 0 microcode 0x0, cx8, cmov, fxsr, mmx, sse, sse2, sse3, ssse3, sse4.1, sse4.2, popcnt, tsc, tscinvbit, aes, clmul, clflush

Memory: 4k page, physical 16777216k(43756k free), swap 1048576k(973376k free)

vm_info: OpenJDK 64-Bit Server VM (16.0.2+7-67) for bsd-amd64 JRE (16.0.2+7-67), built on Jun  8 2021 22:20:26 by "mach5one" with clang 4.2.1 Compatible Apple LLVM 11.0.0 (clang-1100.0.33.17)

END.
